# JRE version: OpenJDK Runtime Environment (8.0_242-b01) (build 1.8.0_242-release-1644-b01)
# Java VM: OpenJDK 64-Bit Server VM (25.242-b01 mixed mode windows-amd64 compressed oops)
Heap:
 PSYoungGen      total 640512K, used 108098K [0x00000000d5580000, 0x0000000100000000, 0x0000000100000000)
  eden space 614912K, 13% used [0x00000000d5580000,0x00000000da65d500,0x00000000fae00000)
  from space 25600K, 98% used [0x00000000fae00000,0x00000000fc6b3610,0x00000000fc700000)
  to   space 42496K, 0% used [0x00000000fd680000,0x00000000fd680000,0x0000000100000000)
 ParOldGen       total 174080K, used 97444K [0x0000000080000000, 0x000000008aa00000, 0x00000000d5580000)
  object space 174080K, 55% used [0x0000000080000000,0x0000000085f292f8,0x000000008aa00000)
 Metaspace       used 79423K, capacity 83434K, committed 83864K, reserved 1122304K
  class space    used 10751K, capacity 11526K, committed 11688K, reserved 1048576K
GC Heap History (10 events):
Event: 51.172 GC heap before
{Heap before GC invocations=21 (full 4):
 PSYoungGen      total 524800K, used 507166K [0x00000000d5580000, 0x00000000f8a00000, 0x0000000100000000)
  eden space 498176K, 100% used [0x00000000d5580000,0x00000000f3c00000,0x00000000f3c00000)
  from space 26624K, 33% used [0x00000000f7000000,0x00000000f78c7888,0x00000000f8a00000)
  to   space 39936K, 0% used [0x00000000f3c00000,0x00000000f3c00000,0x00000000f6300000)
 ParOldGen       total 174080K, used 97420K [0x0000000080000000, 0x000000008aa00000, 0x00000000d5580000)
  object space 174080K, 55% used [0x0000000080000000,0x0000000085f232f8,0x000000008aa00000)
 Metaspace       used 79055K, capacity 83090K, committed 83608K, reserved 1122304K
  class space    used 10742K, capacity 11518K, committed 11688K, reserved 1048576K
Event: 51.236 GC heap after
Heap after GC invocations=21 (full 4):
 PSYoungGen      total 538112K, used 17482K [0x00000000d5580000, 0x00000000fd880000, 0x0000000100000000)
  eden space 498176K, 0% used [0x00000000d5580000,0x00000000d5580000,0x00000000f3c00000)
  from space 39936K, 43% used [0x00000000f3c00000,0x00000000f4d12ac8,0x00000000f6300000)
  to   space 38400K, 0% used [0x00000000fb300000,0x00000000fb300000,0x00000000fd880000)
 ParOldGen       total 174080K, used 97420K [0x0000000080000000, 0x000000008aa00000, 0x00000000d5580000)
  object space 174080K, 55% used [0x0000000080000000,0x0000000085f232f8,0x000000008aa00000)
 Metaspace       used 79055K, capacity 83090K, committed 83608K, reserved 1122304K
  class space    used 10742K, capacity 11518K, committed 11688K, reserved 1048576K
}
Event: 53.621 GC heap before
{Heap before GC invocations=22 (full 4):
 PSYoungGen      total 538112K, used 515658K [0x00000000d5580000, 0x00000000fd880000, 0x0000000100000000)
  eden space 498176K, 100% used [0x00000000d5580000,0x00000000f3c00000,0x00000000f3c00000)
  from space 39936K, 43% used [0x00000000f3c00000,0x00000000f4d12ac8,0x00000000f6300000)
  to   space 38400K, 0% used [0x00000000fb300000,0x00000000fb300000,0x00000000fd880000)
 ParOldGen       total 174080K, used 97420K [0x0000000080000000, 0x000000008aa00000, 0x00000000d5580000)
  object space 174080K, 55% used [0x0000000080000000,0x0000000085f232f8,0x000000008aa00000)
 Metaspace       used 79164K, capacity 83168K, committed 83608K, reserved 1122304K
  class space    used 10742K, capacity 11519K, committed 11688K, reserved 1048576K
Event: 53.726 GC heap after
Heap after GC invocations=22 (full 4):
 PSYoungGen      total 619520K, used 21242K [0x00000000d5580000, 0x00000000fdd80000, 0x0000000100000000)
  eden space 581120K, 0% used [0x00000000d5580000,0x00000000d5580000,0x00000000f8d00000)
  from space 38400K, 55% used [0x00000000fb300000,0x00000000fc7bead8,0x00000000fd880000)
  to   space 38912K, 0% used [0x00000000f8d00000,0x00000000f8d00000,0x00000000fb300000)
 ParOldGen       total 174080K, used 97428K [0x0000000080000000, 0x000000008aa00000, 0x00000000d5580000)
  object space 174080K, 55% used [0x0000000080000000,0x0000000085f252f8,0x000000008aa00000)
 Metaspace       used 79164K, capacity 83168K, committed 83608K, reserved 1122304K
  class space    used 10742K, capacity 11519K, committed 11688K, reserved 1048576K
}
Event: 56.628 GC heap before
{Heap before GC invocations=23 (full 4):
 PSYoungGen      total 619520K, used 602362K [0x00000000d5580000, 0x00000000fdd80000, 0x0000000100000000)
  eden space 581120K, 100% used [0x00000000d5580000,0x00000000f8d00000,0x00000000f8d00000)
  from space 38400K, 55% used [0x00000000fb300000,0x00000000fc7bead8,0x00000000fd880000)
  to   space 38912K, 0% used [0x00000000f8d00000,0x00000000f8d00000,0x00000000fb300000)
 ParOldGen       total 174080K, used 97428K [0x0000000080000000, 0x000000008aa00000, 0x00000000d5580000)
  object space 174080K, 55% used [0x0000000080000000,0x0000000085f252f8,0x000000008aa00000)
 Metaspace       used 79202K, capacity 83232K, committed 83608K, reserved 1122304K
  class space    used 10744K, capacity 11519K, committed 11688K, reserved 1048576K
Event: 56.702 GC heap after
Heap after GC invocations=23 (full 4):
 PSYoungGen      total 620032K, used 25946K [0x00000000d5580000, 0x0000000100000000, 0x0000000100000000)
  eden space 581120K, 0% used [0x00000000d5580000,0x00000000d5580000,0x00000000f8d00000)
  from space 38912K, 66% used [0x00000000f8d00000,0x00000000fa656ad8,0x00000000fb300000)
  to   space 40448K, 0% used [0x00000000fd880000,0x00000000fd880000,0x0000000100000000)
 ParOldGen       total 174080K, used 97428K [0x0000000080000000, 0x000000008aa00000, 0x00000000d5580000)
  object space 174080K, 55% used [0x0000000080000000,0x0000000085f252f8,0x000000008aa00000)
 Metaspace       used 79202K, capacity 83232K, committed 83608K, reserved 1122304K
  class space    used 10744K, capacity 11519K, committed 11688K, reserved 1048576K
}
Event: 60.755 GC heap before
{Heap before GC invocations=24 (full 4):
 PSYoungGen      total 620032K, used 607066K [0x00000000d5580000, 0x0000000100000000, 0x0000000100000000)
  eden space 581120K, 100% used [0x00000000d5580000,0x00000000f8d00000,0x00000000f8d00000)
  from space 38912K, 66% used [0x00000000f8d00000,0x00000000fa656ad8,0x00000000fb300000)
  to   space 40448K, 0% used [0x00000000fd880000,0x00000000fd880000,0x0000000100000000)
 ParOldGen       total 174080K, used 97428K [0x0000000080000000, 0x000000008aa00000, 0x00000000d5580000)
  object space 174080K, 55% used [0x0000000080000000,0x0000000085f252f8,0x000000008aa00000)
 Metaspace       used 79367K, capacity 83318K, committed 83608K, reserved 1122304K
  class space    used 10746K, capacity 11520K, committed 11688K, reserved 1048576K
Event: 60.825 GC heap after
Heap after GC invocations=24 (full 4):
 PSYoungGen      total 655360K, used 26280K [0x00000000d5580000, 0x0000000100000000, 0x0000000100000000)
  eden space 614912K, 0% used [0x00000000d5580000,0x00000000d5580000,0x00000000fae00000)
  from space 40448K, 64% used [0x00000000fd880000,0x00000000ff22a270,0x0000000100000000)
  to   space 41984K, 0% used [0x00000000fae00000,0x00000000fae00000,0x00000000fd700000)
 ParOldGen       total 174080K, used 97436K [0x0000000080000000, 0x000000008aa00000, 0x00000000d5580000)
  object space 174080K, 55% used [0x0000000080000000,0x0000000085f272f8,0x000000008aa00000)
 Metaspace       used 79367K, capacity 83318K, committed 83608K, reserved 1122304K
  class space    used 10746K, capacity 11520K, committed 11688K, reserved 1048576K
}
Event: 66.614 GC heap before
{Heap before GC invocations=25 (full 4):
 PSYoungGen      total 655360K, used 641192K [0x00000000d5580000, 0x0000000100000000, 0x0000000100000000)
  eden space 614912K, 100% used [0x00000000d5580000,0x00000000fae00000,0x00000000fae00000)
  from space 40448K, 64% used [0x00000000fd880000,0x00000000ff22a270,0x0000000100000000)
  to   space 41984K, 0% used [0x00000000fae00000,0x00000000fae00000,0x00000000fd700000)
 ParOldGen       total 174080K, used 97436K [0x0000000080000000, 0x000000008aa00000, 0x00000000d5580000)
  object space 174080K, 55% used [0x0000000080000000,0x0000000085f272f8,0x000000008aa00000)
 Metaspace       used 79407K, capacity 83422K, committed 83864K, reserved 1122304K
  class space    used 10750K, capacity 11524K, committed 11688K, reserved 1048576K
Event: 66.655 GC heap after
Heap after GC invocations=25 (full 4):
 PSYoungGen      total 640512K, used 25293K [0x00000000d5580000, 0x0000000100000000, 0x0000000100000000)
  eden space 614912K, 0% used [0x00000000d5580000,0x00000000d5580000,0x00000000fae00000)
  from space 25600K, 98% used [0x00000000fae00000,0x00000000fc6b3610,0x00000000fc700000)
  to   space 42496K, 0% used [0x00000000fd680000,0x00000000fd680000,0x0000000100000000)
 ParOldGen       total 174080K, used 97444K [0x0000000080000000, 0x000000008aa00000, 0x00000000d5580000)
  object space 174080K, 55% used [0x0000000080000000,0x0000000085f292f8,0x000000008aa00000)
 Metaspace       used 79407K, capacity 83422K, committed 83864K, reserved 1122304K
  class space    used 10750K, capacity 11524K, committed 11688K, reserved 1048576K
}

