# JRE version: OpenJDK Runtime Environment (8.0_242-b01) (build 1.8.0_242-release-1644-b01)
# Java VM: OpenJDK 64-Bit Server VM (25.242-b01 mixed mode windows-amd64 compressed oops)
Heap:
 PSYoungGen      total 97280K, used 44997K [0x00000000d5e00000, 0x00000000def00000, 0x0000000100000000)
  eden space 72704K, 61% used [0x00000000d5e00000,0x00000000d89f1468,0x00000000da500000)
  from space 24576K, 0% used [0x00000000dbc80000,0x00000000dbc80000,0x00000000dd480000)
  to   space 24064K, 0% used [0x00000000da500000,0x00000000da500000,0x00000000dbc80000)
 ParOldGen       total 89600K, used 38421K [0x0000000081a00000, 0x0000000087180000, 0x00000000d5e00000)
  object space 89600K, 42% used [0x0000000081a00000,0x0000000083f85770,0x0000000087180000)
 Metaspace       used 38861K, capacity 39444K, committed 39552K, reserved 1083392K
  class space    used 4792K, capacity 4976K, committed 4992K, reserved 1048576K
GC Heap History (10 events):
Event: 2.224 GC heap before
{Heap before GC invocations=4 (full 1):
 PSYoungGen      total 38400K, used 5088K [0x00000000d5e00000, 0x00000000da900000, 0x0000000100000000)
  eden space 33280K, 0% used [0x00000000d5e00000,0x00000000d5e00000,0x00000000d7e80000)
  from space 5120K, 99% used [0x00000000d7e80000,0x00000000d83783e8,0x00000000d8380000)
  to   space 5120K, 0% used [0x00000000da400000,0x00000000da400000,0x00000000da900000)
 ParOldGen       total 87552K, used 24298K [0x0000000081a00000, 0x0000000086f80000, 0x00000000d5e00000)
  object space 87552K, 27% used [0x0000000081a00000,0x00000000831baad8,0x0000000086f80000)
 Metaspace       used 20655K, capacity 21060K, committed 21248K, reserved 1069056K
  class space    used 2345K, capacity 2470K, committed 2560K, reserved 1048576K
Event: 2.292 GC heap after
Heap after GC invocations=4 (full 1):
 PSYoungGen      total 38400K, used 0K [0x00000000d5e00000, 0x00000000da900000, 0x0000000100000000)
  eden space 33280K, 0% used [0x00000000d5e00000,0x00000000d5e00000,0x00000000d7e80000)
  from space 5120K, 0% used [0x00000000d7e80000,0x00000000d7e80000,0x00000000d8380000)
  to   space 5120K, 0% used [0x00000000da400000,0x00000000da400000,0x00000000da900000)
 ParOldGen       total 89600K, used 21649K [0x0000000081a00000, 0x0000000087180000, 0x00000000d5e00000)
  object space 89600K, 24% used [0x0000000081a00000,0x0000000082f24558,0x0000000087180000)
 Metaspace       used 20655K, capacity 21060K, committed 21248K, reserved 1069056K
  class space    used 2345K, capacity 2470K, committed 2560K, reserved 1048576K
}
Event: 3.473 GC heap before
{Heap before GC invocations=5 (full 1):
 PSYoungGen      total 38400K, used 33280K [0x00000000d5e00000, 0x00000000da900000, 0x0000000100000000)
  eden space 33280K, 100% used [0x00000000d5e00000,0x00000000d7e80000,0x00000000d7e80000)
  from space 5120K, 0% used [0x00000000d7e80000,0x00000000d7e80000,0x00000000d8380000)
  to   space 5120K, 0% used [0x00000000da400000,0x00000000da400000,0x00000000da900000)
 ParOldGen       total 89600K, used 21649K [0x0000000081a00000, 0x0000000087180000, 0x00000000d5e00000)
  object space 89600K, 24% used [0x0000000081a00000,0x0000000082f24558,0x0000000087180000)
 Metaspace       used 24725K, capacity 25246K, committed 25344K, reserved 1071104K
  class space    used 3147K, capacity 3301K, committed 3328K, reserved 1048576K
Event: 3.492 GC heap after
Heap after GC invocations=5 (full 1):
 PSYoungGen      total 54784K, used 5117K [0x00000000d5e00000, 0x00000000da900000, 0x0000000100000000)
  eden space 49664K, 0% used [0x00000000d5e00000,0x00000000d5e00000,0x00000000d8e80000)
  from space 5120K, 99% used [0x00000000da400000,0x00000000da8ff778,0x00000000da900000)
  to   space 5120K, 0% used [0x00000000d9f00000,0x00000000d9f00000,0x00000000da400000)
 ParOldGen       total 89600K, used 23870K [0x0000000081a00000, 0x0000000087180000, 0x00000000d5e00000)
  object space 89600K, 26% used [0x0000000081a00000,0x000000008314fb80,0x0000000087180000)
 Metaspace       used 24725K, capacity 25246K, committed 25344K, reserved 1071104K
  class space    used 3147K, capacity 3301K, committed 3328K, reserved 1048576K
}
Event: 4.959 GC heap before
{Heap before GC invocations=6 (full 1):
 PSYoungGen      total 54784K, used 54781K [0x00000000d5e00000, 0x00000000da900000, 0x0000000100000000)
  eden space 49664K, 100% used [0x00000000d5e00000,0x00000000d8e80000,0x00000000d8e80000)
  from space 5120K, 99% used [0x00000000da400000,0x00000000da8ff778,0x00000000da900000)
  to   space 5120K, 0% used [0x00000000d9f00000,0x00000000d9f00000,0x00000000da400000)
 ParOldGen       total 89600K, used 23870K [0x0000000081a00000, 0x0000000087180000, 0x00000000d5e00000)
  object space 89600K, 26% used [0x0000000081a00000,0x000000008314fb80,0x0000000087180000)
 Metaspace       used 33304K, capacity 33826K, committed 34048K, reserved 1079296K
  class space    used 4178K, capacity 4336K, committed 4352K, reserved 1048576K
Event: 4.979 GC heap after
Heap after GC invocations=6 (full 1):
 PSYoungGen      total 71680K, used 5103K [0x00000000d5e00000, 0x00000000dd480000, 0x0000000100000000)
  eden space 66560K, 0% used [0x00000000d5e00000,0x00000000d5e00000,0x00000000d9f00000)
  from space 5120K, 99% used [0x00000000d9f00000,0x00000000da3fbd48,0x00000000da400000)
  to   space 24576K, 0% used [0x00000000dbc80000,0x00000000dbc80000,0x00000000dd480000)
 ParOldGen       total 89600K, used 36762K [0x0000000081a00000, 0x0000000087180000, 0x00000000d5e00000)
  object space 89600K, 41% used [0x0000000081a00000,0x0000000083de6b98,0x0000000087180000)
 Metaspace       used 33304K, capacity 33826K, committed 34048K, reserved 1079296K
  class space    used 4178K, capacity 4336K, committed 4352K, reserved 1048576K
}
Event: 5.210 GC heap before
{Heap before GC invocations=7 (full 1):
 PSYoungGen      total 71680K, used 14338K [0x00000000d5e00000, 0x00000000dd480000, 0x0000000100000000)
  eden space 66560K, 13% used [0x00000000d5e00000,0x00000000d6704d08,0x00000000d9f00000)
  from space 5120K, 99% used [0x00000000d9f00000,0x00000000da3fbd48,0x00000000da400000)
  to   space 24576K, 0% used [0x00000000dbc80000,0x00000000dbc80000,0x00000000dd480000)
 ParOldGen       total 89600K, used 36762K [0x0000000081a00000, 0x0000000087180000, 0x00000000d5e00000)
  object space 89600K, 41% used [0x0000000081a00000,0x0000000083de6b98,0x0000000087180000)
 Metaspace       used 34638K, capacity 35140K, committed 35416K, reserved 1081344K
  class space    used 4357K, capacity 4497K, committed 4608K, reserved 1048576K
Event: 5.222 GC heap after
Heap after GC invocations=7 (full 1):
 PSYoungGen      total 97280K, used 7710K [0x00000000d5e00000, 0x00000000def00000, 0x0000000100000000)
  eden space 72704K, 0% used [0x00000000d5e00000,0x00000000d5e00000,0x00000000da500000)
  from space 24576K, 31% used [0x00000000dbc80000,0x00000000dc407bb0,0x00000000dd480000)
  to   space 24064K, 0% used [0x00000000da500000,0x00000000da500000,0x00000000dbc80000)
 ParOldGen       total 89600K, used 36770K [0x0000000081a00000, 0x0000000087180000, 0x00000000d5e00000)
  object space 89600K, 41% used [0x0000000081a00000,0x0000000083de8b98,0x0000000087180000)
 Metaspace       used 34638K, capacity 35140K, committed 35416K, reserved 1081344K
  class space    used 4357K, capacity 4497K, committed 4608K, reserved 1048576K
}
Event: 5.222 GC heap before
{Heap before GC invocations=8 (full 2):
 PSYoungGen      total 97280K, used 7710K [0x00000000d5e00000, 0x00000000def00000, 0x0000000100000000)
  eden space 72704K, 0% used [0x00000000d5e00000,0x00000000d5e00000,0x00000000da500000)
  from space 24576K, 31% used [0x00000000dbc80000,0x00000000dc407bb0,0x00000000dd480000)
  to   space 24064K, 0% used [0x00000000da500000,0x00000000da500000,0x00000000dbc80000)
 ParOldGen       total 89600K, used 36770K [0x0000000081a00000, 0x0000000087180000, 0x00000000d5e00000)
  object space 89600K, 41% used [0x0000000081a00000,0x0000000083de8b98,0x0000000087180000)
 Metaspace       used 34638K, capacity 35140K, committed 35416K, reserved 1081344K
  class space    used 4357K, capacity 4497K, committed 4608K, reserved 1048576K
Event: 5.308 GC heap after
Heap after GC invocations=8 (full 2):
 PSYoungGen      total 97280K, used 0K [0x00000000d5e00000, 0x00000000def00000, 0x0000000100000000)
  eden space 72704K, 0% used [0x00000000d5e00000,0x00000000d5e00000,0x00000000da500000)
  from space 24576K, 0% used [0x00000000dbc80000,0x00000000dbc80000,0x00000000dd480000)
  to   space 24064K, 0% used [0x00000000da500000,0x00000000da500000,0x00000000dbc80000)
 ParOldGen       total 89600K, used 38421K [0x0000000081a00000, 0x0000000087180000, 0x00000000d5e00000)
  object space 89600K, 42% used [0x0000000081a00000,0x0000000083f85770,0x0000000087180000)
 Metaspace       used 34638K, capacity 35140K, committed 35416K, reserved 1081344K
  class space    used 4357K, capacity 4497K, committed 4608K, reserved 1048576K
}

